<?xml version="1.0" encoding="UTF-8"?>
<!-- Generated by org.testng.reporters.JUnitXMLReporter -->
<testsuite ignored="1" hostname="ankit" failures="1" tests="11" name="Test" time="0.2" errors="0" timestamp="2023-03-29T01:57:50 IST">
  <testcase classname="test.BasicDemo" name="demo" time="0.006"/>
  <testcase classname="test.BasicDemo" name="fail" time="0.019">
    <failure type="java.lang.AssertionError" message="expected [true] but found [false]">
      <![CDATA[java.lang.AssertionError: expected [true] but found [false]
at test.BasicDemo.fail(BasicDemo.java:36)
at java.base/java.util.ArrayList.forEach(ArrayList.java:1511)
... Removed 31 stack frames]]>
    </failure>
  </testcase> <!-- fail -->
  <testcase classname="test.BasicDemo2" name="run" time="0.002"/>
  <testcase classname="test.BasicDemo2" name="run1" time="0.002"/>
  <testcase classname="test.BasicDemo3" name="phoneLogin" time="0.002"/>
  <testcase classname="test.BasicDemo3" name="phoneRegin" time="0.003"/>
  <testcase classname="test.BasicDemo3" name="apiLogin" time="0.009"/>
  <testcase classname="test.BasicDemo3" name="phoneSignin" time="0.002"/>
  <testcase classname="test.BasicDemo3" name="phoneSignin" time="0.001"/>
  <testcase classname="test.BasicDemo3" name="phoneSignin" time="0.002"/>
  <testcase classname="test.BasicDemo3" name="phoneLogout" time="0.002"/>
  <testcase classname="test.BasicDemo3" name="webLogin" time="0.0">
    <ignored/>
  </testcase> <!-- webLogin -->
</testsuite> <!-- Test -->
